<?xml version="1.0" encoding="UTF-8"?>
<!-- Generated by org.testng.reporters.JUnitXMLReporter -->
<testsuite hostname="Saiful-PC" ignored="0" name="Test" tests="3" failures="0" timestamp="2020-10-03T17:06:33 EDT" time="65.366" errors="0">
  <testcase name="homePageTest" time="22.623" classname="TestCases.SpicejetHomePage"/>
  <testcase name="spiceclub" time="17.614" classname="TestCases.SpiceClubPage"/>
  <testcase name="signup" time="15.288" classname="TestCases.SignUpPage"/>
</testsuite> <!-- Test -->
