<?xml version="1.0" encoding="UTF-8"?>
<testng-results skipped="0" failed="0" ignored="0" total="3" passed="3">
  <reporter-output>
  </reporter-output>
  <suite name="Suite" duration-ms="65366" started-at="2020-10-03T17:05:28 EDT" finished-at="2020-10-03T17:06:33 EDT">
    <groups>
    </groups>
    <test name="Test" duration-ms="65366" started-at="2020-10-03T17:05:28 EDT" finished-at="2020-10-03T17:06:33 EDT">
      <class name="TestCases.SpicejetHomePage">
        <test-method status="PASS" signature="homePageTest()[pri:0, instance:TestCases.SpicejetHomePage@731f8236]" name="homePageTest" duration-ms="22623" started-at="2020-10-03T17:05:28 EDT" finished-at="2020-10-03T17:05:51 EDT">
          <reporter-output>
          </reporter-output>
        </test-method> <!-- homePageTest -->
        <test-method status="PASS" signature="teardawn()[pri:0, instance:TestCases.SpicejetHomePage@731f8236]" name="teardawn" is-config="true" duration-ms="775" started-at="2020-10-03T17:05:52 EDT" finished-at="2020-10-03T17:05:52 EDT">
          <reporter-output>
          </reporter-output>
        </test-method> <!-- teardawn -->
      </class> <!-- TestCases.SpicejetHomePage -->
      <class name="TestCases.SignUpPage">
        <test-method status="PASS" signature="signup()[pri:0, instance:TestCases.SignUpPage@1dd92fe2]" name="signup" duration-ms="15288" started-at="2020-10-03T17:06:17 EDT" finished-at="2020-10-03T17:06:32 EDT">
          <reporter-output>
          </reporter-output>
        </test-method> <!-- signup -->
        <test-method status="PASS" signature="teardawn()[pri:0, instance:TestCases.SignUpPage@1dd92fe2]" name="teardawn" is-config="true" duration-ms="724" started-at="2020-10-03T17:06:33 EDT" finished-at="2020-10-03T17:06:33 EDT">
          <reporter-output>
          </reporter-output>
        </test-method> <!-- teardawn -->
      </class> <!-- TestCases.SignUpPage -->
      <class name="TestCases.SpiceClubPage">
        <test-method status="PASS" signature="spiceclub()[pri:0, instance:TestCases.SpiceClubPage@255b53dc]" name="spiceclub" duration-ms="17614" started-at="2020-10-03T17:05:52 EDT" finished-at="2020-10-03T17:06:10 EDT">
          <reporter-output>
          </reporter-output>
        </test-method> <!-- spiceclub -->
        <test-method status="PASS" signature="teardawn()[pri:0, instance:TestCases.SpiceClubPage@255b53dc]" name="teardawn" is-config="true" duration-ms="1415" started-at="2020-10-03T17:06:16 EDT" finished-at="2020-10-03T17:06:17 EDT">
          <reporter-output>
          </reporter-output>
        </test-method> <!-- teardawn -->
      </class> <!-- TestCases.SpiceClubPage -->
    </test> <!-- Test -->
  </suite> <!-- Suite -->
</testng-results>
